<?xml version="1.0" encoding="UTF-8"?>
<!-- Generated by org.testng.reporters.JUnitXMLReporter -->
<testsuite hostname="Admin-PC" ignored="0" name="ApplicationTest" tests="2" failures="1" timestamp="08 Oct 2018 11:19:42 GMT" time="37.684" errors="0">
  <testcase name="initializeTestBaseSetup" time="24.706" classname="TestSuites.SmokeTest"/>
  <testcase name="createAccount" time="12.942" classname="TestSuites.SmokeTest">
    <failure type="org.openqa.selenium.NoSuchElementException" message="Cannot locate element with text: Country
For documentation on this error, please visit: http://seleniumhq.org/exceptions/no_such_element.html
Build info: version: &amp;apos;3.14.0&amp;apos;, revision: &amp;apos;aacccce0&amp;apos;, time: &amp;apos;2018-08-02T20:19:58.91Z&amp;apos;
System info: host: &amp;apos;ADMIN-PC&amp;apos;, ip: &amp;apos;10.0.0.22&amp;apos;, os.name: &amp;apos;Windows 7&amp;apos;, os.arch: &amp;apos;amd64&amp;apos;, os.version: &amp;apos;6.1&amp;apos;, java.version: &amp;apos;1.8.0_111&amp;apos;
Driver info: driver.version: unknown">
      <![CDATA[org.openqa.selenium.NoSuchElementException: Cannot locate element with text: Country
For documentation on this error, please visit: http://seleniumhq.org/exceptions/no_such_element.html
Build info: version: '3.14.0', revision: 'aacccce0', time: '2018-08-02T20:19:58.91Z'
System info: host: 'ADMIN-PC', ip: '10.0.0.22', os.name: 'Windows 7', os.arch: 'amd64', os.version: '6.1', java.version: '1.8.0_111'
Driver info: driver.version: unknown
at org.openqa.selenium.support.ui.Select.selectByVisibleText(Select.java:151)
at pageobjects.CreateAccountPage.createAnAccount(CreateAccountPage.java:122)
at TestSuites.SmokeTest.createAccount(SmokeTest.java:77)
... Removed 25 stack frames]]>
    </failure>
  </testcase> <!-- createAccount -->
</testsuite> <!-- ApplicationTest -->
